<?xml version="1.0" encoding="UTF-8"?>
<!-- Generated by org.testng.reporters.JUnitReportReporter -->
<testsuite skipped="0" hostname="Rupom-Rups" name="com.Restassured.ExcelDriven" tests="2" failures="0" timestamp="15 Jun 2020 19:15:00 GMT" time="7.071" errors="0">
  <testcase name="deleteBook" time="0.270" classname="com.Restassured.ExcelDriven"/>
  <testcase name="addBook" time="6.801" classname="com.Restassured.ExcelDriven"/>
</testsuite> <!-- com.Restassured.ExcelDriven -->
