<?xml version="1.0" encoding="UTF-8"?>
<!-- Generated by org.testng.reporters.JUnitReportReporter -->
<testsuite skipped="0" hostname="Rupom-Rups" name="com.Restassured.sumvalidation" tests="1" failures="0" timestamp="15 Mar 2020 06:06:11 GMT" time="3.946" errors="0">
  <testcase name="sumOfCourses" time="3.946" classname="com.Restassured.sumvalidation"/>
</testsuite> <!-- com.Restassured.sumvalidation -->
