<?xml version="1.0" encoding="UTF-8"?>
<!-- Generated by org.testng.reporters.JUnitReportReporter -->
<testsuite skipped="0" hostname="Rupom-Rups" name="Files.StaticJson" tests="1" failures="0" timestamp="15 Mar 2020 08:35:45 GMT" time="5.129" errors="0">
  <testcase name="addBook" time="5.129" classname="Files.StaticJson"/>
</testsuite> <!-- Files.StaticJson -->
