<?xml version="1.0" encoding="UTF-8"?>
<!-- Generated by org.testng.reporters.JUnitReportReporter -->
<testsuite skipped="0" hostname="Rupom-Rups" name="Files.DynamicJson" tests="3" failures="0" timestamp="15 Mar 2020 07:42:39 GMT" time="5.398" errors="0">
  <testcase name="addBook" time="0.202" classname="Files.DynamicJson"/>
  <testcase name="addBook" time="4.959" classname="Files.DynamicJson"/>
  <testcase name="addBook" time="0.237" classname="Files.DynamicJson"/>
</testsuite> <!-- Files.DynamicJson -->
